c:\vs2017\hookie-master\hookie\hookie\debug\hookie.pch
c:\vs2017\hookie-master\hookie\hookie\debug\vc141.pdb
c:\vs2017\hookie-master\hookie\hookie\debug\vc141.idb
c:\vs2017\hookie-master\hookie\hookie\debug\stdafx.obj
c:\vs2017\hookie-master\hookie\hookie\debug\hookiedlg.obj
c:\vs2017\hookie-master\hookie\hookie\debug\hookie.obj
c:\vs2017\hookie-master\hookie\hookie\debug\utility.obj
c:\vs2017\hookie-master\hookie\debug\hookie.ilk
c:\vs2017\hookie-master\hookie\debug\hookie.exe
c:\vs2017\hookie-master\hookie\debug\hookie.pdb
c:\vs2017\hookie-master\hookie\hookie\debug\hookie.res
c:\vs2017\hookie-master\hookie\hookie\debug\hookie.tlog\cl.command.1.tlog
c:\vs2017\hookie-master\hookie\hookie\debug\hookie.tlog\cl.read.1.tlog
c:\vs2017\hookie-master\hookie\hookie\debug\hookie.tlog\cl.write.1.tlog
c:\vs2017\hookie-master\hookie\hookie\debug\hookie.tlog\link.command.1.tlog
c:\vs2017\hookie-master\hookie\hookie\debug\hookie.tlog\link.read.1.tlog
c:\vs2017\hookie-master\hookie\hookie\debug\hookie.tlog\link.write.1.tlog
c:\vs2017\hookie-master\hookie\hookie\debug\hookie.tlog\rc.command.1.tlog
c:\vs2017\hookie-master\hookie\hookie\debug\hookie.tlog\rc.read.1.tlog
c:\vs2017\hookie-master\hookie\hookie\debug\hookie.tlog\rc.write.1.tlog
